# JRE version: Java(TM) SE Runtime Environment (8.0_60-b27) (build 1.8.0_60-b27)
# Java VM: Java HotSpot(TM) 64-Bit Server VM (25.60-b23 mixed mode windows-amd64 compressed oops)
Heap:
 PSYoungGen      total 201216K, used 108859K [0x000000076af00000, 0x0000000777c80000, 0x00000007c0000000)
  eden space 192000K, 56% used [0x000000076af00000,0x000000077194ee60,0x0000000776a80000)
  from space 9216K, 0% used [0x0000000777380000,0x0000000777380000,0x0000000777c80000)
  to   space 9216K, 0% used [0x0000000776a80000,0x0000000776a80000,0x0000000777380000)
 ParOldGen       total 183296K, used 29399K [0x00000006c0c00000, 0x00000006cbf00000, 0x000000076af00000)
  object space 183296K, 16% used [0x00000006c0c00000,0x00000006c28b5d10,0x00000006cbf00000)
 Metaspace       used 57963K, capacity 63064K, committed 63192K, reserved 1103872K
  class space    used 6985K, capacity 8080K, committed 8152K, reserved 1048576K
GC Heap History (10 events):
Event: 723.589 GC heap before
{Heap before GC invocations=55 (full 25):
 PSYoungGen      total 201216K, used 3331K [0x000000076af00000, 0x0000000777d80000, 0x00000007c0000000)
  eden space 192000K, 0% used [0x000000076af00000,0x000000076af00000,0x0000000776a80000)
  from space 9216K, 36% used [0x0000000777480000,0x00000007777c0cd0,0x0000000777d80000)
  to   space 9728K, 0% used [0x0000000776a80000,0x0000000776a80000,0x0000000777400000)
 ParOldGen       total 183296K, used 28981K [0x00000006c0c00000, 0x00000006cbf00000, 0x000000076af00000)
  object space 183296K, 15% used [0x00000006c0c00000,0x00000006c284d520,0x00000006cbf00000)
 Metaspace       used 56726K, capacity 62044K, committed 62296K, reserved 1103872K
  class space    used 6890K, capacity 7959K, committed 8024K, reserved 1048576K
Event: 723.682 GC heap after
Heap after GC invocations=55 (full 25):
 PSYoungGen      total 201216K, used 0K [0x000000076af00000, 0x0000000777d80000, 0x00000007c0000000)
  eden space 192000K, 0% used [0x000000076af00000,0x000000076af00000,0x0000000776a80000)
  from space 9216K, 0% used [0x0000000777480000,0x0000000777480000,0x0000000777d80000)
  to   space 9728K, 0% used [0x0000000776a80000,0x0000000776a80000,0x0000000777400000)
 ParOldGen       total 183296K, used 29121K [0x00000006c0c00000, 0x00000006cbf00000, 0x000000076af00000)
  object space 183296K, 15% used [0x00000006c0c00000,0x00000006c2870638,0x00000006cbf00000)
 Metaspace       used 56713K, capacity 62020K, committed 62296K, reserved 1103872K
  class space    used 6888K, capacity 7954K, committed 8024K, reserved 1048576K
}
Event: 833.833 GC heap before
{Heap before GC invocations=56 (full 25):
 PSYoungGen      total 201216K, used 138049K [0x000000076af00000, 0x0000000777d80000, 0x00000007c0000000)
  eden space 192000K, 71% used [0x000000076af00000,0x00000007735d0778,0x0000000776a80000)
  from space 9216K, 0% used [0x0000000777480000,0x0000000777480000,0x0000000777d80000)
  to   space 9728K, 0% used [0x0000000776a80000,0x0000000776a80000,0x0000000777400000)
 ParOldGen       total 183296K, used 29121K [0x00000006c0c00000, 0x00000006cbf00000, 0x000000076af00000)
  object space 183296K, 15% used [0x00000006c0c00000,0x00000006c2870638,0x00000006cbf00000)
 Metaspace       used 57120K, capacity 62362K, committed 62552K, reserved 1103872K
  class space    used 6921K, capacity 8000K, committed 8024K, reserved 1048576K
Event: 833.845 GC heap after
Heap after GC invocations=56 (full 25):
 PSYoungGen      total 195584K, used 3331K [0x000000076af00000, 0x0000000777c80000, 0x00000007c0000000)
  eden space 192000K, 0% used [0x000000076af00000,0x000000076af00000,0x0000000776a80000)
  from space 3584K, 92% used [0x0000000776a80000,0x0000000776dc0cd0,0x0000000776e00000)
  to   space 9216K, 0% used [0x0000000777380000,0x0000000777380000,0x0000000777c80000)
 ParOldGen       total 183296K, used 29129K [0x00000006c0c00000, 0x00000006cbf00000, 0x000000076af00000)
  object space 183296K, 15% used [0x00000006c0c00000,0x00000006c2872638,0x00000006cbf00000)
 Metaspace       used 57120K, capacity 62362K, committed 62552K, reserved 1103872K
  class space    used 6921K, capacity 8000K, committed 8024K, reserved 1048576K
}
Event: 833.845 GC heap before
{Heap before GC invocations=57 (full 26):
 PSYoungGen      total 195584K, used 3331K [0x000000076af00000, 0x0000000777c80000, 0x00000007c0000000)
  eden space 192000K, 0% used [0x000000076af00000,0x000000076af00000,0x0000000776a80000)
  from space 3584K, 92% used [0x0000000776a80000,0x0000000776dc0cd0,0x0000000776e00000)
  to   space 9216K, 0% used [0x0000000777380000,0x0000000777380000,0x0000000777c80000)
 ParOldGen       total 183296K, used 29129K [0x00000006c0c00000, 0x00000006cbf00000, 0x000000076af00000)
  object space 183296K, 15% used [0x00000006c0c00000,0x00000006c2872638,0x00000006cbf00000)
 Metaspace       used 57120K, capacity 62362K, committed 62552K, reserved 1103872K
  class space    used 6921K, capacity 8000K, committed 8024K, reserved 1048576K
Event: 833.948 GC heap after
Heap after GC invocations=57 (full 26):
 PSYoungGen      total 195584K, used 0K [0x000000076af00000, 0x0000000777c80000, 0x00000007c0000000)
  eden space 192000K, 0% used [0x000000076af00000,0x000000076af00000,0x0000000776a80000)
  from space 3584K, 0% used [0x0000000776a80000,0x0000000776a80000,0x0000000776e00000)
  to   space 9216K, 0% used [0x0000000777380000,0x0000000777380000,0x0000000777c80000)
 ParOldGen       total 183296K, used 29259K [0x00000006c0c00000, 0x00000006cbf00000, 0x000000076af00000)
  object space 183296K, 15% used [0x00000006c0c00000,0x00000006c2892fa0,0x00000006cbf00000)
 Metaspace       used 57106K, capacity 62338K, committed 62552K, reserved 1103872K
  class space    used 6919K, capacity 7995K, committed 8024K, reserved 1048576K
}
Event: 837.429 GC heap before
{Heap before GC invocations=58 (full 26):
 PSYoungGen      total 195584K, used 101076K [0x000000076af00000, 0x0000000777c80000, 0x00000007c0000000)
  eden space 192000K, 52% used [0x000000076af00000,0x00000007711b5330,0x0000000776a80000)
  from space 3584K, 0% used [0x0000000776a80000,0x0000000776a80000,0x0000000776e00000)
  to   space 9216K, 0% used [0x0000000777380000,0x0000000777380000,0x0000000777c80000)
 ParOldGen       total 183296K, used 29259K [0x00000006c0c00000, 0x00000006cbf00000, 0x000000076af00000)
  object space 183296K, 15% used [0x00000006c0c00000,0x00000006c2892fa0,0x00000006cbf00000)
 Metaspace       used 57514K, capacity 62680K, committed 62936K, reserved 1103872K
  class space    used 6953K, capacity 8041K, committed 8152K, reserved 1048576K
Event: 837.441 GC heap after
Heap after GC invocations=58 (full 26):
 PSYoungGen      total 201216K, used 3363K [0x000000076af00000, 0x0000000777c80000, 0x00000007c0000000)
  eden space 192000K, 0% used [0x000000076af00000,0x000000076af00000,0x0000000776a80000)
  from space 9216K, 36% used [0x0000000777380000,0x00000007776c8cd0,0x0000000777c80000)
  to   space 9216K, 0% used [0x0000000776a80000,0x0000000776a80000,0x0000000777380000)
 ParOldGen       total 183296K, used 29267K [0x00000006c0c00000, 0x00000006cbf00000, 0x000000076af00000)
  object space 183296K, 15% used [0x00000006c0c00000,0x00000006c2894fa0,0x00000006cbf00000)
 Metaspace       used 57514K, capacity 62680K, committed 62936K, reserved 1103872K
  class space    used 6953K, capacity 8041K, committed 8152K, reserved 1048576K
}
Event: 837.441 GC heap before
{Heap before GC invocations=59 (full 27):
 PSYoungGen      total 201216K, used 3363K [0x000000076af00000, 0x0000000777c80000, 0x00000007c0000000)
  eden space 192000K, 0% used [0x000000076af00000,0x000000076af00000,0x0000000776a80000)
  from space 9216K, 36% used [0x0000000777380000,0x00000007776c8cd0,0x0000000777c80000)
  to   space 9216K, 0% used [0x0000000776a80000,0x0000000776a80000,0x0000000777380000)
 ParOldGen       total 183296K, used 29267K [0x00000006c0c00000, 0x00000006cbf00000, 0x000000076af00000)
  object space 183296K, 15% used [0x00000006c0c00000,0x00000006c2894fa0,0x00000006cbf00000)
 Metaspace       used 57514K, capacity 62680K, committed 62936K, reserved 1103872K
  class space    used 6953K, capacity 8041K, committed 8152K, reserved 1048576K
Event: 837.534 GC heap after
Heap after GC invocations=59 (full 27):
 PSYoungGen      total 201216K, used 0K [0x000000076af00000, 0x0000000777c80000, 0x00000007c0000000)
  eden space 192000K, 0% used [0x000000076af00000,0x000000076af00000,0x0000000776a80000)
  from space 9216K, 0% used [0x0000000777380000,0x0000000777380000,0x0000000777c80000)
  to   space 9216K, 0% used [0x0000000776a80000,0x0000000776a80000,0x0000000777380000)
 ParOldGen       total 183296K, used 29399K [0x00000006c0c00000, 0x00000006cbf00000, 0x000000076af00000)
  object space 183296K, 16% used [0x00000006c0c00000,0x00000006c28b5d10,0x00000006cbf00000)
 Metaspace       used 57500K, capacity 62656K, committed 62936K, reserved 1103872K
  class space    used 6951K, capacity 8036K, committed 8152K, reserved 1048576K
}

