# JRE version: Java(TM) SE Runtime Environment (8.0_60-b27) (build 1.8.0_60-b27)
# Java VM: Java HotSpot(TM) 64-Bit Server VM (25.60-b23 mixed mode windows-amd64 compressed oops)
Heap:
 PSYoungGen      total 163328K, used 150234K [0x000000076af00000, 0x0000000776280000, 0x00000007c0000000)
  eden space 148480K, 94% used [0x000000076af00000,0x00000007738051c8,0x0000000774000000)
  from space 14848K, 66% used [0x0000000774e00000,0x00000007757b19e0,0x0000000775c80000)
  to   space 14336K, 0% used [0x0000000774000000,0x0000000774000000,0x0000000774e00000)
 ParOldGen       total 166400K, used 19517K [0x00000006c0c00000, 0x00000006cae80000, 0x000000076af00000)
  object space 166400K, 11% used [0x00000006c0c00000,0x00000006c1f0f500,0x00000006cae80000)
 Metaspace       used 45120K, capacity 47122K, committed 47192K, reserved 1089536K
  class space    used 5798K, capacity 6171K, committed 6232K, reserved 1048576K
GC Heap History (10 events):
Event: 1.505 GC heap before
{Heap before GC invocations=4 (full 1):
 PSYoungGen      total 76288K, used 65536K [0x000000076af00000, 0x0000000774400000, 0x00000007c0000000)
  eden space 65536K, 100% used [0x000000076af00000,0x000000076ef00000,0x000000076ef00000)
  from space 10752K, 0% used [0x000000076f980000,0x000000076f980000,0x0000000770400000)
  to   space 10752K, 0% used [0x000000076ef00000,0x000000076ef00000,0x000000076f980000)
 ParOldGen       total 102912K, used 9453K [0x00000006c0c00000, 0x00000006c7080000, 0x000000076af00000)
  object space 102912K, 9% used [0x00000006c0c00000,0x00000006c153b660,0x00000006c7080000)
 Metaspace       used 25998K, capacity 26848K, committed 27136K, reserved 1073152K
  class space    used 3321K, capacity 3532K, committed 3584K, reserved 1048576K
Event: 1.509 GC heap after
Heap after GC invocations=4 (full 1):
 PSYoungGen      total 76288K, used 9714K [0x000000076af00000, 0x0000000772580000, 0x00000007c0000000)
  eden space 65536K, 0% used [0x000000076af00000,0x000000076af00000,0x000000076ef00000)
  from space 10752K, 90% used [0x000000076ef00000,0x000000076f87c888,0x000000076f980000)
  to   space 10752K, 0% used [0x0000000771b00000,0x0000000771b00000,0x0000000772580000)
 ParOldGen       total 102912K, used 9525K [0x00000006c0c00000, 0x00000006c7080000, 0x000000076af00000)
  object space 102912K, 9% used [0x00000006c0c00000,0x00000006c154d670,0x00000006c7080000)
 Metaspace       used 25998K, capacity 26848K, committed 27136K, reserved 1073152K
  class space    used 3321K, capacity 3532K, committed 3584K, reserved 1048576K
}
Event: 2.100 GC heap before
{Heap before GC invocations=5 (full 1):
 PSYoungGen      total 76288K, used 75250K [0x000000076af00000, 0x0000000772580000, 0x00000007c0000000)
  eden space 65536K, 100% used [0x000000076af00000,0x000000076ef00000,0x000000076ef00000)
  from space 10752K, 90% used [0x000000076ef00000,0x000000076f87c888,0x000000076f980000)
  to   space 10752K, 0% used [0x0000000771b00000,0x0000000771b00000,0x0000000772580000)
 ParOldGen       total 102912K, used 9525K [0x00000006c0c00000, 0x00000006c7080000, 0x000000076af00000)
  object space 102912K, 9% used [0x00000006c0c00000,0x00000006c154d670,0x00000006c7080000)
 Metaspace       used 29487K, capacity 30426K, committed 30720K, reserved 1075200K
  class space    used 3772K, capacity 4005K, committed 4096K, reserved 1048576K
Event: 2.107 GC heap after
Heap after GC invocations=5 (full 1):
 PSYoungGen      total 108032K, used 10733K [0x000000076af00000, 0x0000000772580000, 0x00000007c0000000)
  eden space 97280K, 0% used [0x000000076af00000,0x000000076af00000,0x0000000770e00000)
  from space 10752K, 99% used [0x0000000771b00000,0x000000077257b4a8,0x0000000772580000)
  to   space 10752K, 0% used [0x0000000771080000,0x0000000771080000,0x0000000771b00000)
 ParOldGen       total 102912K, used 9900K [0x00000006c0c00000, 0x00000006c7080000, 0x000000076af00000)
  object space 102912K, 9% used [0x00000006c0c00000,0x00000006c15ab110,0x00000006c7080000)
 Metaspace       used 29487K, capacity 30426K, committed 30720K, reserved 1075200K
  class space    used 3772K, capacity 4005K, committed 4096K, reserved 1048576K
}
Event: 2.722 GC heap before
{Heap before GC invocations=6 (full 1):
 PSYoungGen      total 108032K, used 90717K [0x000000076af00000, 0x0000000772580000, 0x00000007c0000000)
  eden space 97280K, 82% used [0x000000076af00000,0x000000076fd1c030,0x0000000770e00000)
  from space 10752K, 99% used [0x0000000771b00000,0x000000077257b4a8,0x0000000772580000)
  to   space 10752K, 0% used [0x0000000771080000,0x0000000771080000,0x0000000771b00000)
 ParOldGen       total 102912K, used 9900K [0x00000006c0c00000, 0x00000006c7080000, 0x000000076af00000)
  object space 102912K, 9% used [0x00000006c0c00000,0x00000006c15ab110,0x00000006c7080000)
 Metaspace       used 33878K, capacity 35262K, committed 35416K, reserved 1079296K
  class space    used 4316K, capacity 4609K, committed 4696K, reserved 1048576K
Event: 2.743 GC heap after
Heap after GC invocations=6 (full 1):
 PSYoungGen      total 110592K, used 10730K [0x000000076af00000, 0x0000000775c80000, 0x00000007c0000000)
  eden space 99840K, 0% used [0x000000076af00000,0x000000076af00000,0x0000000771080000)
  from space 10752K, 99% used [0x0000000771080000,0x0000000771afab70,0x0000000771b00000)
  to   space 14848K, 0% used [0x0000000774e00000,0x0000000774e00000,0x0000000775c80000)
 ParOldGen       total 102912K, used 14036K [0x00000006c0c00000, 0x00000006c7080000, 0x000000076af00000)
  object space 102912K, 13% used [0x00000006c0c00000,0x00000006c19b5330,0x00000006c7080000)
 Metaspace       used 33878K, capacity 35262K, committed 35416K, reserved 1079296K
  class space    used 4316K, capacity 4609K, committed 4696K, reserved 1048576K
}
Event: 2.743 GC heap before
{Heap before GC invocations=7 (full 2):
 PSYoungGen      total 110592K, used 10730K [0x000000076af00000, 0x0000000775c80000, 0x00000007c0000000)
  eden space 99840K, 0% used [0x000000076af00000,0x000000076af00000,0x0000000771080000)
  from space 10752K, 99% used [0x0000000771080000,0x0000000771afab70,0x0000000771b00000)
  to   space 14848K, 0% used [0x0000000774e00000,0x0000000774e00000,0x0000000775c80000)
 ParOldGen       total 102912K, used 14036K [0x00000006c0c00000, 0x00000006c7080000, 0x000000076af00000)
  object space 102912K, 13% used [0x00000006c0c00000,0x00000006c19b5330,0x00000006c7080000)
 Metaspace       used 33878K, capacity 35262K, committed 35416K, reserved 1079296K
  class space    used 4316K, capacity 4609K, committed 4696K, reserved 1048576K
Event: 2.798 GC heap after
Heap after GC invocations=7 (full 2):
 PSYoungGen      total 110592K, used 0K [0x000000076af00000, 0x0000000775c80000, 0x00000007c0000000)
  eden space 99840K, 0% used [0x000000076af00000,0x000000076af00000,0x0000000771080000)
  from space 10752K, 0% used [0x0000000771080000,0x0000000771080000,0x0000000771b00000)
  to   space 14848K, 0% used [0x0000000774e00000,0x0000000774e00000,0x0000000775c80000)
 ParOldGen       total 166400K, used 19509K [0x00000006c0c00000, 0x00000006cae80000, 0x000000076af00000)
  object space 166400K, 11% used [0x00000006c0c00000,0x00000006c1f0d500,0x00000006cae80000)
 Metaspace       used 33878K, capacity 35262K, committed 35416K, reserved 1079296K
  class space    used 4316K, capacity 4609K, committed 4696K, reserved 1048576K
}
Event: 3.641 GC heap before
{Heap before GC invocations=8 (full 2):
 PSYoungGen      total 110592K, used 99840K [0x000000076af00000, 0x0000000775c80000, 0x00000007c0000000)
  eden space 99840K, 100% used [0x000000076af00000,0x0000000771080000,0x0000000771080000)
  from space 10752K, 0% used [0x0000000771080000,0x0000000771080000,0x0000000771b00000)
  to   space 14848K, 0% used [0x0000000774e00000,0x0000000774e00000,0x0000000775c80000)
 ParOldGen       total 166400K, used 19509K [0x00000006c0c00000, 0x00000006cae80000, 0x000000076af00000)
  object space 166400K, 11% used [0x00000006c0c00000,0x00000006c1f0d500,0x00000006cae80000)
 Metaspace       used 40266K, capacity 41998K, committed 42200K, reserved 1085440K
  class space    used 5207K, capacity 5535K, committed 5592K, reserved 1048576K
Event: 3.701 GC heap after
Heap after GC invocations=8 (full 2):
 PSYoungGen      total 163328K, used 9926K [0x000000076af00000, 0x0000000776280000, 0x00000007c0000000)
  eden space 148480K, 0% used [0x000000076af00000,0x000000076af00000,0x0000000774000000)
  from space 14848K, 66% used [0x0000000774e00000,0x00000007757b19e0,0x0000000775c80000)
  to   space 14336K, 0% used [0x0000000774000000,0x0000000774000000,0x0000000774e00000)
 ParOldGen       total 166400K, used 19517K [0x00000006c0c00000, 0x00000006cae80000, 0x000000076af00000)
  object space 166400K, 11% used [0x00000006c0c00000,0x00000006c1f0f500,0x00000006cae80000)
 Metaspace       used 40266K, capacity 41998K, committed 42200K, reserved 1085440K
  class space    used 5207K, capacity 5535K, committed 5592K, reserved 1048576K
}

